<?xml version="1.0" encoding="UTF-8"?>
<!-- Generated by org.testng.reporters.JUnitReportReporter -->
<testsuite skipped="0" hostname="lenovo-PC" name="newtest.NewTest" tests="2" failures="0" timestamp="15 Mar 2018 03:07:05 GMT" time="139.135" errors="0">
  <testcase name="f" time="0.002" classname="newtest.NewTest"/>
  <testcase name="commonAmazonGmailLoginFunction" time="139.133" classname="newtest.NewTest"/>
</testsuite> <!-- newtest.NewTest -->
